<?xml version="1.0" encoding="UTF-8"?>
<!-- Generated by org.testng.reporters.JUnitXMLReporter -->
<testsuite ignored="0" hostname="DESKTOP-ICLD36V" failures="0" tests="14" name="Surefire test" time="15.497" errors="0" timestamp="2024-07-20T10:11:26 IST">
  <testcase classname="apitesting_restassured.Testsuite" name="Auth" time="4.167"/>
  <testcase classname="apitesting_restassured.Testsuite" name="deleteProduct" time="0.875"/>
  <testcase classname="apitesting_restassured.Testsuite" name="fetchAllProducts" time="0.932"/>
  <testcase classname="apitesting_restassured.Testsuite" name="fetchSingleProduct" time="0.847"/>
  <testcase classname="apitesting_restassured.Testsuite" name="getAllProductCategories" time="0.872"/>
  <testcase classname="apitesting_restassured.Testsuite" name="getProductsByCategory" time="0.871"/>
  <testcase classname="apitesting_restassured.Testsuite" name="getProductsCategoryList" time="0.851"/>
  <testcase classname="apitesting_restassured.Testsuite" name="limitAndSkipProducts" time="0.867"/>
  <testcase classname="apitesting_restassured.Testsuite" name="searchProducts" time="0.861"/>
  <testcase classname="apitesting_restassured.Testsuite" name="sortProducts" time="0.864"/>
  <testcase classname="apitesting_restassured.Testsuite" name="addNewProduct" time="0.845"/>
  <testcase classname="apitesting_restassured.Testsuite" name="updateProduct" time="0.863"/>
  <testcase classname="apitesting_restassured.Testsuite" name="Get_current_user" time="0.86"/>
  <testcase classname="apitesting_restassured.Testsuite" name="refreshAuthToken" time="0.839"/>
</testsuite> <!-- Surefire test -->
