<?xml version="1.0" encoding="UTF-8"?>
<!-- Generated by org.testng.reporters.JUnitXMLReporter -->
<testsuite ignored="0" hostname="DESKTOP-ICLD36V" failures="0" tests="14" name="Default test" time="16.972" errors="0" timestamp="2024-07-19T10:56:57 IST">
  <testcase classname="apitesting_restassured.Testsuite" name="Auth" time="5.331"/>
  <testcase classname="apitesting_restassured.Testsuite" name="deleteProduct" time="0.91"/>
  <testcase classname="apitesting_restassured.Testsuite" name="fetchAllProducts" time="0.95"/>
  <testcase classname="apitesting_restassured.Testsuite" name="fetchSingleProduct" time="0.892"/>
  <testcase classname="apitesting_restassured.Testsuite" name="getAllProductCategories" time="0.911"/>
  <testcase classname="apitesting_restassured.Testsuite" name="getProductsByCategory" time="0.86"/>
  <testcase classname="apitesting_restassured.Testsuite" name="getProductsCategoryList" time="0.865"/>
  <testcase classname="apitesting_restassured.Testsuite" name="limitAndSkipProducts" time="0.896"/>
  <testcase classname="apitesting_restassured.Testsuite" name="searchProducts" time="0.89"/>
  <testcase classname="apitesting_restassured.Testsuite" name="sortProducts" time="0.882"/>
  <testcase classname="apitesting_restassured.Testsuite" name="addNewProduct" time="0.88"/>
  <testcase classname="apitesting_restassured.Testsuite" name="updateProduct" time="0.868"/>
  <testcase classname="apitesting_restassured.Testsuite" name="Get_current_user" time="0.863"/>
  <testcase classname="apitesting_restassured.Testsuite" name="refreshAuthToken" time="0.841"/>
</testsuite> <!-- Default test -->
