<?xml version="1.0" encoding="UTF-8"?>
<testng-results ignored="0" total="14" passed="14" failed="0" skipped="0">
  <reporter-output>
  </reporter-output>
  <suite started-at="2024-07-19T10:56:40 IST" name="Default suite" finished-at="2024-07-19T10:56:57 IST" duration-ms="16972">
    <groups>
    </groups>
    <test started-at="2024-07-19T10:56:40 IST" name="Default test" finished-at="2024-07-19T10:56:57 IST" duration-ms="16972">
      <class name="apitesting_restassured.Testsuite">
        <test-method signature="Auth()[pri:0, instance:apitesting_restassured.Testsuite@41a0aa7d]" started-at="2024-07-19T10:56:40 IST" name="Auth" finished-at="2024-07-19T10:56:46 IST" duration-ms="5331" status="PASS">
          <reporter-output>
          </reporter-output>
        </test-method> <!-- Auth -->
        <test-method signature="deleteProduct()[pri:0, instance:apitesting_restassured.Testsuite@41a0aa7d]" started-at="2024-07-19T10:56:46 IST" name="deleteProduct" finished-at="2024-07-19T10:56:47 IST" duration-ms="910" status="PASS">
          <reporter-output>
          </reporter-output>
        </test-method> <!-- deleteProduct -->
        <test-method signature="fetchAllProducts()[pri:0, instance:apitesting_restassured.Testsuite@41a0aa7d]" started-at="2024-07-19T10:56:47 IST" name="fetchAllProducts" finished-at="2024-07-19T10:56:48 IST" duration-ms="950" status="PASS">
          <reporter-output>
          </reporter-output>
        </test-method> <!-- fetchAllProducts -->
        <test-method signature="fetchSingleProduct()[pri:0, instance:apitesting_restassured.Testsuite@41a0aa7d]" started-at="2024-07-19T10:56:48 IST" name="fetchSingleProduct" finished-at="2024-07-19T10:56:48 IST" duration-ms="892" status="PASS">
          <reporter-output>
          </reporter-output>
        </test-method> <!-- fetchSingleProduct -->
        <test-method signature="getAllProductCategories()[pri:0, instance:apitesting_restassured.Testsuite@41a0aa7d]" started-at="2024-07-19T10:56:48 IST" name="getAllProductCategories" finished-at="2024-07-19T10:56:49 IST" duration-ms="911" status="PASS">
          <reporter-output>
          </reporter-output>
        </test-method> <!-- getAllProductCategories -->
        <test-method signature="getProductsByCategory()[pri:0, instance:apitesting_restassured.Testsuite@41a0aa7d]" started-at="2024-07-19T10:56:49 IST" name="getProductsByCategory" finished-at="2024-07-19T10:56:50 IST" duration-ms="860" status="PASS">
          <reporter-output>
          </reporter-output>
        </test-method> <!-- getProductsByCategory -->
        <test-method signature="getProductsCategoryList()[pri:0, instance:apitesting_restassured.Testsuite@41a0aa7d]" started-at="2024-07-19T10:56:50 IST" name="getProductsCategoryList" finished-at="2024-07-19T10:56:51 IST" duration-ms="865" status="PASS">
          <reporter-output>
          </reporter-output>
        </test-method> <!-- getProductsCategoryList -->
        <test-method signature="limitAndSkipProducts()[pri:0, instance:apitesting_restassured.Testsuite@41a0aa7d]" started-at="2024-07-19T10:56:51 IST" name="limitAndSkipProducts" finished-at="2024-07-19T10:56:52 IST" duration-ms="896" status="PASS">
          <reporter-output>
          </reporter-output>
        </test-method> <!-- limitAndSkipProducts -->
        <test-method signature="searchProducts()[pri:0, instance:apitesting_restassured.Testsuite@41a0aa7d]" started-at="2024-07-19T10:56:52 IST" name="searchProducts" finished-at="2024-07-19T10:56:53 IST" duration-ms="890" status="PASS">
          <reporter-output>
          </reporter-output>
        </test-method> <!-- searchProducts -->
        <test-method signature="sortProducts()[pri:0, instance:apitesting_restassured.Testsuite@41a0aa7d]" started-at="2024-07-19T10:56:53 IST" name="sortProducts" finished-at="2024-07-19T10:56:54 IST" duration-ms="882" status="PASS">
          <reporter-output>
          </reporter-output>
        </test-method> <!-- sortProducts -->
        <test-method signature="addNewProduct()[pri:0, instance:apitesting_restassured.Testsuite@41a0aa7d]" started-at="2024-07-19T10:56:54 IST" name="addNewProduct" finished-at="2024-07-19T10:56:55 IST" duration-ms="880" status="PASS">
          <reporter-output>
          </reporter-output>
        </test-method> <!-- addNewProduct -->
        <test-method signature="updateProduct()[pri:0, instance:apitesting_restassured.Testsuite@41a0aa7d]" started-at="2024-07-19T10:56:55 IST" name="updateProduct" finished-at="2024-07-19T10:56:56 IST" duration-ms="868" status="PASS">
          <reporter-output>
          </reporter-output>
        </test-method> <!-- updateProduct -->
        <test-method signature="Get_current_user()[pri:0, instance:apitesting_restassured.Testsuite@41a0aa7d]" started-at="2024-07-19T10:56:56 IST" name="Get_current_user" finished-at="2024-07-19T10:56:56 IST" depends-on-methods="apitesting_restassured.Testsuite.Auth" duration-ms="863" status="PASS">
          <reporter-output>
          </reporter-output>
        </test-method> <!-- Get_current_user -->
        <test-method signature="refreshAuthToken()[pri:0, instance:apitesting_restassured.Testsuite@41a0aa7d]" started-at="2024-07-19T10:56:56 IST" name="refreshAuthToken" finished-at="2024-07-19T10:56:57 IST" depends-on-methods="apitesting_restassured.Testsuite.Auth" duration-ms="841" status="PASS">
          <reporter-output>
          </reporter-output>
        </test-method> <!-- refreshAuthToken -->
      </class> <!-- apitesting_restassured.Testsuite -->
    </test> <!-- Default test -->
  </suite> <!-- Default suite -->
</testng-results>
